<?xml version="1.0" encoding="UTF-8"?>
<!-- Generated by org.testng.reporters.JUnitXMLReporter -->
<testsuite hostname="rayaan" failures="1" tests="6" name="Xeneta_Demo" time="111.527" errors="0" timestamp="2 Dec 2018 11:03:45 GMT">
  <testcase classname="demotests.XenetaRequestDemoPage" name="@BeforeMethod initDriver" time="0.0">
    <failure type="org.openqa.selenium.WebDriverException" message="Failed to connect to binary FirefoxBinary(C:\Program Files (x86)\Mozilla Firefox\firefox.exe) on port 7055; process output follows: 
ranslators&amp;quot;:null,&amp;quot;contributors&amp;quot;:null,&amp;quot;locales&amp;quot;:[&amp;quot;zh-TW&amp;quot;]},{&amp;quot;name&amp;quot;:&amp;quot;Adobe Acrobat&amp;quot;,&amp;quot;description&amp;quot;:&amp;quot;Konverter den aktuelle webside til en Adobe PDF-fil &amp;quot;,&amp;quot;developers&amp;quot;:null,&amp;quot;translators&amp;quot;:null,&amp;quot;contributors&amp;quot;:null,&amp;quot;locales&amp;quot;:[&amp;quot;da&amp;quot;]},{&amp;quot;name&amp;quot;:&amp;quot;Adobe Acrobat&amp;quot;,&amp;quot;description&amp;quot;:&amp;quot;GeÃ§erli web sayfasÄ±nÄ± Adobe PDF dosyasÄ±na dÃ¶nÃ¼ÅŸtÃ¼r &amp;quot;,&amp;quot;developers&amp;quot;:null,&amp;quot;translators&amp;quot;:null,&amp;quot;contributors&amp;quot;:null,&amp;quot;locales&amp;quot;:[&amp;quot;tr&amp;quot;]},{&amp;quot;name&amp;quot;:&amp;quot;Adobe Acrobat&amp;quot;,&amp;quot;description&amp;quot;:&amp;quot;De huidige webpagina converteren naar een Adobe PDF-bestand &amp;quot;,&amp;quot;developers&amp;quot;:null,&amp;quot;translators&amp;quot;:null,&amp;quot;contributors&amp;quot;:null,&amp;quot;locales&amp;quot;:[&amp;quot;nl&amp;quot;]}],&amp;quot;targetApplications&amp;quot;:[{&amp;quot;id&amp;quot;:&amp;quot;toolkit@mozilla.org&amp;quot;,&amp;quot;minVersion&amp;quot;:&amp;quot;50.0&amp;quot;,&amp;quot;maxVersion&amp;quot;:&amp;quot;*&amp;quot;}],&amp;quot;targetPlatforms&amp;quot;:[],&amp;quot;multiprocessCompatible&amp;quot;:true,&amp;quot;signedState&amp;quot;:2,&amp;quot;seen&amp;quot;:true}
1543748581299	DeferredSave.extensions.json	DEBUG	Save changes
1543748581299	addons.xpi	DEBUG	Updating database with changes to installed add-ons
1543748581300	addons.xpi-utils	DEBUG	Updating add-on states
1543748581301	addons.xpi-utils	DEBUG	Writing add-ons list
1543748581307	addons.xpi	DEBUG	Registering manifest for C:\Program Files (x86)\Mozilla Firefox\browser\features\e10srollout@mozilla.org.xpi
1543748581308	addons.xpi	DEBUG	Calling bootstrap method startup on e10srollout@mozilla.org version 1.0
1543748581309	addons.xpi	DEBUG	Registering manifest for C:\Program Files (x86)\Mozilla Firefox\browser\features\firefox@getpocket.com.xpi
1543748581309	addons.xpi	DEBUG	Calling bootstrap method startup on firefox@getpocket.com version 1.0.2
1543748581310	addons.xpi	DEBUG	Registering manifest for C:\Program Files (x86)\Mozilla Firefox\browser\features\loop@mozilla.org.xpi
1543748581311	addons.xpi	DEBUG	Calling bootstrap method startup on loop@mozilla.org version 1.3.2
1543748581331	addons.xpi	DEBUG	Registering manifest for C:\Program Files (x86)\Mozilla Firefox\browser\features\websensehelper@mozilla.org.xpi
1543748581332	addons.xpi	DEBUG	Calling bootstrap method startup on websensehelper@mozilla.org version 1.0
1543748581334	addons.manager	DEBUG	Registering shutdown blocker for XPIProvider
1543748581334	addons.manager	DEBUG	Provider finished startup: XPIProvider
1543748581335	addons.manager	DEBUG	Starting provider: LightweightThemeManager
1543748581335	addons.manager	DEBUG	Registering shutdown blocker for LightweightThemeManager
1543748581335	addons.manager	DEBUG	Provider finished startup: LightweightThemeManager
1543748581335	addons.manager	DEBUG	Starting provider: GMPProvider
1543748581342	addons.manager	DEBUG	Registering shutdown blocker for GMPProvider
1543748581342	addons.manager	DEBUG	Provider finished startup: GMPProvider
1543748581342	addons.manager	DEBUG	Starting provider: PluginProvider
1543748581342	addons.manager	DEBUG	Registering shutdown blocker for PluginProvider
1543748581343	addons.manager	DEBUG	Provider finished startup: PluginProvider
1543748581343	addons.manager	DEBUG	Completed startup sequence
1543748582541	addons.manager	DEBUG	Starting provider: &amp;lt;unnamed-provider&amp;gt;
1543748582542	addons.manager	DEBUG	Registering shutdown blocker for &amp;lt;unnamed-provider&amp;gt;
1543748582542	addons.manager	DEBUG	Provider finished startup: &amp;lt;unnamed-provider&amp;gt;
1543748582546	DeferredSave.extensions.json	DEBUG	Write succeeded
1543748582547	addons.xpi-utils	DEBUG	XPI Database saved, setting schema version preference to 17
1543748582548	DeferredSave.extensions.json	DEBUG	Starting timer
1543748583035	DeferredSave.extensions.json	DEBUG	Starting write
1543748583221	addons.repository	DEBUG	No addons.json found.
1543748583222	DeferredSave.addons.json	DEBUG	Save changes
1543748583224	DeferredSave.addons.json	DEBUG	Starting timer
1543748583331	addons.manager	DEBUG	Starting provider: PreviousExperimentProvider
1543748583331	addons.manager	DEBUG	Registering shutdown blocker for PreviousExperimentProvider
1543748583332	addons.manager	DEBUG	Provider finished startup: PreviousExperimentProvider
1543748583346	DeferredSave.addons.json	DEBUG	Starting write
1543748583355	DeferredSave.extensions.json	DEBUG	Write succeeded
1543748583563	DeferredSave.addons.json	DEBUG	Write succeeded

Build info: version: &amp;apos;2.53.1&amp;apos;, revision: &amp;apos;a36b8b1&amp;apos;, time: &amp;apos;2016-06-30 17:37:03&amp;apos;
System info: host: &amp;apos;rayaan&amp;apos;, ip: &amp;apos;192.168.1.4&amp;apos;, os.name: &amp;apos;Windows 10&amp;apos;, os.arch: &amp;apos;amd64&amp;apos;, os.version: &amp;apos;10.0&amp;apos;, java.version: &amp;apos;11.0.1&amp;apos;
Driver info: driver.version: FirefoxDriver">
      <![CDATA[org.openqa.selenium.WebDriverException: Failed to connect to binary FirefoxBinary(C:\Program Files (x86)\Mozilla Firefox\firefox.exe) on port 7055; process output follows: 
ranslators":null,"contributors":null,"locales":["zh-TW"]},{"name":"Adobe Acrobat","description":"Konverter den aktuelle webside til en Adobe PDF-fil ","developers":null,"translators":null,"contributors":null,"locales":["da"]},{"name":"Adobe Acrobat","description":"GeÃ§erli web sayfasÄ±nÄ± Adobe PDF dosyasÄ±na dÃ¶nÃ¼ÅŸtÃ¼r ","developers":null,"translators":null,"contributors":null,"locales":["tr"]},{"name":"Adobe Acrobat","description":"De huidige webpagina converteren naar een Adobe PDF-bestand ","developers":null,"translators":null,"contributors":null,"locales":["nl"]}],"targetApplications":[{"id":"toolkit@mozilla.org","minVersion":"50.0","maxVersion":"*"}],"targetPlatforms":[],"multiprocessCompatible":true,"signedState":2,"seen":true}
1543748581299	DeferredSave.extensions.json	DEBUG	Save changes
1543748581299	addons.xpi	DEBUG	Updating database with changes to installed add-ons
1543748581300	addons.xpi-utils	DEBUG	Updating add-on states
1543748581301	addons.xpi-utils	DEBUG	Writing add-ons list
1543748581307	addons.xpi	DEBUG	Registering manifest for C:\Program Files (x86)\Mozilla Firefox\browser\features\e10srollout@mozilla.org.xpi
1543748581308	addons.xpi	DEBUG	Calling bootstrap method startup on e10srollout@mozilla.org version 1.0
1543748581309	addons.xpi	DEBUG	Registering manifest for C:\Program Files (x86)\Mozilla Firefox\browser\features\firefox@getpocket.com.xpi
1543748581309	addons.xpi	DEBUG	Calling bootstrap method startup on firefox@getpocket.com version 1.0.2
1543748581310	addons.xpi	DEBUG	Registering manifest for C:\Program Files (x86)\Mozilla Firefox\browser\features\loop@mozilla.org.xpi
1543748581311	addons.xpi	DEBUG	Calling bootstrap method startup on loop@mozilla.org version 1.3.2
1543748581331	addons.xpi	DEBUG	Registering manifest for C:\Program Files (x86)\Mozilla Firefox\browser\features\websensehelper@mozilla.org.xpi
1543748581332	addons.xpi	DEBUG	Calling bootstrap method startup on websensehelper@mozilla.org version 1.0
1543748581334	addons.manager	DEBUG	Registering shutdown blocker for XPIProvider
1543748581334	addons.manager	DEBUG	Provider finished startup: XPIProvider
1543748581335	addons.manager	DEBUG	Starting provider: LightweightThemeManager
1543748581335	addons.manager	DEBUG	Registering shutdown blocker for LightweightThemeManager
1543748581335	addons.manager	DEBUG	Provider finished startup: LightweightThemeManager
1543748581335	addons.manager	DEBUG	Starting provider: GMPProvider
1543748581342	addons.manager	DEBUG	Registering shutdown blocker for GMPProvider
1543748581342	addons.manager	DEBUG	Provider finished startup: GMPProvider
1543748581342	addons.manager	DEBUG	Starting provider: PluginProvider
1543748581342	addons.manager	DEBUG	Registering shutdown blocker for PluginProvider
1543748581343	addons.manager	DEBUG	Provider finished startup: PluginProvider
1543748581343	addons.manager	DEBUG	Completed startup sequence
1543748582541	addons.manager	DEBUG	Starting provider: <unnamed-provider>
1543748582542	addons.manager	DEBUG	Registering shutdown blocker for <unnamed-provider>
1543748582542	addons.manager	DEBUG	Provider finished startup: <unnamed-provider>
1543748582546	DeferredSave.extensions.json	DEBUG	Write succeeded
1543748582547	addons.xpi-utils	DEBUG	XPI Database saved, setting schema version preference to 17
1543748582548	DeferredSave.extensions.json	DEBUG	Starting timer
1543748583035	DeferredSave.extensions.json	DEBUG	Starting write
1543748583221	addons.repository	DEBUG	No addons.json found.
1543748583222	DeferredSave.addons.json	DEBUG	Save changes
1543748583224	DeferredSave.addons.json	DEBUG	Starting timer
1543748583331	addons.manager	DEBUG	Starting provider: PreviousExperimentProvider
1543748583331	addons.manager	DEBUG	Registering shutdown blocker for PreviousExperimentProvider
1543748583332	addons.manager	DEBUG	Provider finished startup: PreviousExperimentProvider
1543748583346	DeferredSave.addons.json	DEBUG	Starting write
1543748583355	DeferredSave.extensions.json	DEBUG	Write succeeded
1543748583563	DeferredSave.addons.json	DEBUG	Write succeeded

Build info: version: '2.53.1', revision: 'a36b8b1', time: '2016-06-30 17:37:03'
System info: host: 'rayaan', ip: '192.168.1.4', os.name: 'Windows 10', os.arch: 'amd64', os.version: '10.0', java.version: '11.0.1'
Driver info: driver.version: FirefoxDriver
	at org.openqa.selenium.firefox.internal.NewProfileExtensionConnection.start(NewProfileExtensionConnection.java:124)
	at org.openqa.selenium.firefox.FirefoxDriver.startClient(FirefoxDriver.java:271)
	at org.openqa.selenium.remote.RemoteWebDriver.<init>(RemoteWebDriver.java:119)
	at org.openqa.selenium.firefox.FirefoxDriver.<init>(FirefoxDriver.java:218)
	at org.openqa.selenium.firefox.FirefoxDriver.<init>(FirefoxDriver.java:211)
	at org.openqa.selenium.firefox.FirefoxDriver.<init>(FirefoxDriver.java:207)
	at org.openqa.selenium.firefox.FirefoxDriver.<init>(FirefoxDriver.java:120)
	at demotests.XenetaRequestDemoPage.initDriver(XenetaRequestDemoPage.java:55)
	at java.base/jdk.internal.reflect.NativeMethodAccessorImpl.invoke0(Native Method)
	at java.base/jdk.internal.reflect.NativeMethodAccessorImpl.invoke(NativeMethodAccessorImpl.java:62)
	at java.base/jdk.internal.reflect.DelegatingMethodAccessorImpl.invoke(DelegatingMethodAccessorImpl.java:43)
	at java.base/java.lang.reflect.Method.invoke(Method.java:566)
	at org.testng.internal.MethodInvocationHelper.invokeMethod(MethodInvocationHelper.java:85)
	at org.testng.internal.Invoker.invokeConfigurationMethod(Invoker.java:510)
	at org.testng.internal.Invoker.invokeConfigurations(Invoker.java:211)
	at org.testng.internal.Invoker.invokeMethod(Invoker.java:585)
	at org.testng.internal.Invoker.invokeTestMethod(Invoker.java:816)
	at org.testng.internal.Invoker.invokeTestMethods(Invoker.java:1124)
	at org.testng.internal.TestMethodWorker.invokeTestMethods(TestMethodWorker.java:125)
	at org.testng.internal.TestMethodWorker.run(TestMethodWorker.java:108)
	at org.testng.TestRunner.privateRun(TestRunner.java:774)
	at org.testng.TestRunner.run(TestRunner.java:624)
	at org.testng.SuiteRunner.runTest(SuiteRunner.java:359)
	at org.testng.SuiteRunner.runSequentially(SuiteRunner.java:354)
	at org.testng.SuiteRunner.privateRun(SuiteRunner.java:312)
	at org.testng.SuiteRunner.run(SuiteRunner.java:261)
	at org.testng.SuiteRunnerWorker.runSuite(SuiteRunnerWorker.java:52)
	at org.testng.SuiteRunnerWorker.run(SuiteRunnerWorker.java:86)
	at org.testng.TestNG.runSuitesSequentially(TestNG.java:1215)
	at org.testng.TestNG.runSuitesLocally(TestNG.java:1140)
	at org.testng.TestNG.run(TestNG.java:1048)
	at org.testng.remote.AbstractRemoteTestNG.run(AbstractRemoteTestNG.java:114)
	at org.testng.remote.RemoteTestNG.initAndRun(RemoteTestNG.java:251)
	at org.testng.remote.RemoteTestNG.main(RemoteTestNG.java:77)
Caused by: org.openqa.selenium.firefox.NotConnectedException: Unable to connect to host 127.0.0.1 on port 7055 after 45000 ms. Firefox console output:
ranslators":null,"contributors":null,"locales":["zh-TW"]},{"name":"Adobe Acrobat","description":"Konverter den aktuelle webside til en Adobe PDF-fil ","developers":null,"translators":null,"contributors":null,"locales":["da"]},{"name":"Adobe Acrobat","description":"GeÃ§erli web sayfasÄ±nÄ± Adobe PDF dosyasÄ±na dÃ¶nÃ¼ÅŸtÃ¼r ","developers":null,"translators":null,"contributors":null,"locales":["tr"]},{"name":"Adobe Acrobat","description":"De huidige webpagina converteren naar een Adobe PDF-bestand ","developers":null,"translators":null,"contributors":null,"locales":["nl"]}],"targetApplications":[{"id":"toolkit@mozilla.org","minVersion":"50.0","maxVersion":"*"}],"targetPlatforms":[],"multiprocessCompatible":true,"signedState":2,"seen":true}
1543748581299	DeferredSave.extensions.json	DEBUG	Save changes
1543748581299	addons.xpi	DEBUG	Updating database with changes to installed add-ons
1543748581300	addons.xpi-utils	DEBUG	Updating add-on states
1543748581301	addons.xpi-utils	DEBUG	Writing add-ons list
1543748581307	addons.xpi	DEBUG	Registering manifest for C:\Program Files (x86)\Mozilla Firefox\browser\features\e10srollout@mozilla.org.xpi
1543748581308	addons.xpi	DEBUG	Calling bootstrap method startup on e10srollout@mozilla.org version 1.0
1543748581309	addons.xpi	DEBUG	Registering manifest for C:\Program Files (x86)\Mozilla Firefox\browser\features\firefox@getpocket.com.xpi
1543748581309	addons.xpi	DEBUG	Calling bootstrap method startup on firefox@getpocket.com version 1.0.2
1543748581310	addons.xpi	DEBUG	Registering manifest for C:\Program Files (x86)\Mozilla Firefox\browser\features\loop@mozilla.org.xpi
1543748581311	addons.xpi	DEBUG	Calling bootstrap method startup on loop@mozilla.org version 1.3.2
1543748581331	addons.xpi	DEBUG	Registering manifest for C:\Program Files (x86)\Mozilla Firefox\browser\features\websensehelper@mozilla.org.xpi
1543748581332	addons.xpi	DEBUG	Calling bootstrap method startup on websensehelper@mozilla.org version 1.0
1543748581334	addons.manager	DEBUG	Registering shutdown blocker for XPIProvider
1543748581334	addons.manager	DEBUG	Provider finished startup: XPIProvider
1543748581335	addons.manager	DEBUG	Starting provider: LightweightThemeManager
1543748581335	addons.manager	DEBUG	Registering shutdown blocker for LightweightThemeManager
1543748581335	addons.manager	DEBUG	Provider finished startup: LightweightThemeManager
1543748581335	addons.manager	DEBUG	Starting provider: GMPProvider
1543748581342	addons.manager	DEBUG	Registering shutdown blocker for GMPProvider
1543748581342	addons.manager	DEBUG	Provider finished startup: GMPProvider
1543748581342	addons.manager	DEBUG	Starting provider: PluginProvider
1543748581342	addons.manager	DEBUG	Registering shutdown blocker for PluginProvider
1543748581343	addons.manager	DEBUG	Provider finished startup: PluginProvider
1543748581343	addons.manager	DEBUG	Completed startup sequence
1543748582541	addons.manager	DEBUG	Starting provider: <unnamed-provider>
1543748582542	addons.manager	DEBUG	Registering shutdown blocker for <unnamed-provider>
1543748582542	addons.manager	DEBUG	Provider finished startup: <unnamed-provider>
1543748582546	DeferredSave.extensions.json	DEBUG	Write succeeded
1543748582547	addons.xpi-utils	DEBUG	XPI Database saved, setting schema version preference to 17
1543748582548	DeferredSave.extensions.json	DEBUG	Starting timer
1543748583035	DeferredSave.extensions.json	DEBUG	Starting write
1543748583221	addons.repository	DEBUG	No addons.json found.
1543748583222	DeferredSave.addons.json	DEBUG	Save changes
1543748583224	DeferredSave.addons.json	DEBUG	Starting timer
1543748583331	addons.manager	DEBUG	Starting provider: PreviousExperimentProvider
1543748583331	addons.manager	DEBUG	Registering shutdown blocker for PreviousExperimentProvider
1543748583332	addons.manager	DEBUG	Provider finished startup: PreviousExperimentProvider
1543748583346	DeferredSave.addons.json	DEBUG	Starting write
1543748583355	DeferredSave.extensions.json	DEBUG	Write succeeded
1543748583563	DeferredSave.addons.json	DEBUG	Write succeeded

	at org.openqa.selenium.firefox.internal.NewProfileExtensionConnection.start(NewProfileExtensionConnection.java:112)
	... 33 more
]]>
    </failure>
  </testcase> <!-- @BeforeMethod initDriver -->
  <testcase classname="demotests.XenetaRequestDemoPage" name="@AfterMethod cleanup" time="0.0">
    <skipped/>
  </testcase> <!-- @AfterMethod cleanup -->
  <testcase classname="demotests.XenetaRequestDemoPage" name="@BeforeMethod initDriver" time="0.0">
    <skipped/>
  </testcase> <!-- @BeforeMethod initDriver -->
  <testcase classname="demotests.XenetaRequestDemoPage" name="@AfterMethod cleanup" time="0.0">
    <skipped/>
  </testcase> <!-- @AfterMethod cleanup -->
  <testcase classname="demotests.XenetaRequestDemoPage" name="testTakeScreenshot" time="1.035"/>
  <testcase classname="demotests.XenetaRequestDemoPage" name="testFillForm" time="1.878"/>
  <testcase classname="demotests.XenetaRequestDemoPage" name="testEmailField" time="1.225"/>
  <testcase classname="demotests.XenetaRequestDemoPage" name="testPhoneField" time="1.614">
    <failure type="java.lang.AssertionError" message="Element/Error not found in page: Unable to locate element: {&amp;quot;method&amp;quot;:&amp;quot;xpath&amp;quot;,&amp;quot;selector&amp;quot;:&amp;quot;//u1[@role=\&amp;quot;alert\&amp;quot;]&amp;quot;}
Command duration or timeout: 49 milliseconds
For documentation on this error, please visit: http://seleniumhq.org/exceptions/no_such_element.html
Build info: version: &amp;apos;2.53.1&amp;apos;, revision: &amp;apos;a36b8b1&amp;apos;, time: &amp;apos;2016-06-30 17:37:03&amp;apos;
System info: host: &amp;apos;rayaan&amp;apos;, ip: &amp;apos;192.168.1.4&amp;apos;, os.name: &amp;apos;Windows 10&amp;apos;, os.arch: &amp;apos;amd64&amp;apos;, os.version: &amp;apos;10.0&amp;apos;, java.version: &amp;apos;11.0.1&amp;apos;
Driver info: org.openqa.selenium.firefox.FirefoxDriver
Capabilities [{applicationCacheEnabled=true, rotatable=false, handlesAlerts=true, databaseEnabled=true, version=47.0.2, platform=WINDOWS, nativeEvents=false, acceptSslCerts=true, webStorageEnabled=true, locationContextEnabled=true, browserName=firefox, takesScreenshot=true, javascriptEnabled=true, cssSelectorsEnabled=true}]
Session ID: c2bfe5df-8f47-48bf-883d-c18df5386bac
*** Element info: {Using=xpath, value=//u1[@role=&amp;quot;alert&amp;quot;]}">
      <![CDATA[java.lang.AssertionError: Element/Error not found in page: Unable to locate element: {"method":"xpath","selector":"//u1[@role=\"alert\"]"}
Command duration or timeout: 49 milliseconds
For documentation on this error, please visit: http://seleniumhq.org/exceptions/no_such_element.html
Build info: version: '2.53.1', revision: 'a36b8b1', time: '2016-06-30 17:37:03'
System info: host: 'rayaan', ip: '192.168.1.4', os.name: 'Windows 10', os.arch: 'amd64', os.version: '10.0', java.version: '11.0.1'
Driver info: org.openqa.selenium.firefox.FirefoxDriver
Capabilities [{applicationCacheEnabled=true, rotatable=false, handlesAlerts=true, databaseEnabled=true, version=47.0.2, platform=WINDOWS, nativeEvents=false, acceptSslCerts=true, webStorageEnabled=true, locationContextEnabled=true, browserName=firefox, takesScreenshot=true, javascriptEnabled=true, cssSelectorsEnabled=true}]
Session ID: c2bfe5df-8f47-48bf-883d-c18df5386bac
*** Element info: {Using=xpath, value=//u1[@role="alert"]}
	at org.junit.Assert.fail(Assert.java:88)
	at org.junit.Assert.assertTrue(Assert.java:41)
	at demotests.XenetaRequestDemoPage.testPhoneField(XenetaRequestDemoPage.java:325)
	at java.base/jdk.internal.reflect.NativeMethodAccessorImpl.invoke0(Native Method)
	at java.base/jdk.internal.reflect.NativeMethodAccessorImpl.invoke(NativeMethodAccessorImpl.java:62)
	at java.base/jdk.internal.reflect.DelegatingMethodAccessorImpl.invoke(DelegatingMethodAccessorImpl.java:43)
	at java.base/java.lang.reflect.Method.invoke(Method.java:566)
	at org.testng.internal.MethodInvocationHelper.invokeMethod(MethodInvocationHelper.java:85)
	at org.testng.internal.Invoker.invokeMethod(Invoker.java:639)
	at org.testng.internal.Invoker.invokeTestMethod(Invoker.java:816)
	at org.testng.internal.Invoker.invokeTestMethods(Invoker.java:1124)
	at org.testng.internal.TestMethodWorker.invokeTestMethods(TestMethodWorker.java:125)
	at org.testng.internal.TestMethodWorker.run(TestMethodWorker.java:108)
	at org.testng.TestRunner.privateRun(TestRunner.java:774)
	at org.testng.TestRunner.run(TestRunner.java:624)
	at org.testng.SuiteRunner.runTest(SuiteRunner.java:359)
	at org.testng.SuiteRunner.runSequentially(SuiteRunner.java:354)
	at org.testng.SuiteRunner.privateRun(SuiteRunner.java:312)
	at org.testng.SuiteRunner.run(SuiteRunner.java:261)
	at org.testng.SuiteRunnerWorker.runSuite(SuiteRunnerWorker.java:52)
	at org.testng.SuiteRunnerWorker.run(SuiteRunnerWorker.java:86)
	at org.testng.TestNG.runSuitesSequentially(TestNG.java:1215)
	at org.testng.TestNG.runSuitesLocally(TestNG.java:1140)
	at org.testng.TestNG.run(TestNG.java:1048)
	at org.testng.remote.AbstractRemoteTestNG.run(AbstractRemoteTestNG.java:114)
	at org.testng.remote.RemoteTestNG.initAndRun(RemoteTestNG.java:251)
	at org.testng.remote.RemoteTestNG.main(RemoteTestNG.java:77)
]]>
    </failure>
  </testcase> <!-- testPhoneField -->
  <testcase classname="demotests.XenetaRequestDemoPage" name="testRequestDemo" time="0.0">
    <skipped/>
  </testcase> <!-- testRequestDemo -->
  <testcase classname="demotests.XenetaRequestDemoPage" name="testPlayVideo" time="0.004">
    <skipped/>
  </testcase> <!-- testPlayVideo -->
</testsuite> <!-- Xeneta_Demo -->
