<html>
<head>
<title>TestNG:  Xeneta_Demo</title>
<link href="../testng.css" rel="stylesheet" type="text/css" />
<link href="../my-testng.css" rel="stylesheet" type="text/css" />

<style type="text/css">
.log { display: none;} 
.stack-trace { display: none;} 
</style>
<script type="text/javascript">
<!--
function flip(e) {
  current = e.style.display;
  if (current == 'block') {
    e.style.display = 'none';
    return 0;
  }
  else {
    e.style.display = 'block';
    return 1;
  }
}

function toggleBox(szDivId, elem, msg1, msg2)
{
  var res = -1;  if (document.getElementById) {
    res = flip(document.getElementById(szDivId));
  }
  else if (document.all) {
    // this is the way old msie versions work
    res = flip(document.all[szDivId]);
  }
  if(elem) {
    if(res == 0) elem.innerHTML = msg1; else elem.innerHTML = msg2;
  }

}

function toggleAllBoxes() {
  if (document.getElementsByTagName) {
    d = document.getElementsByTagName('div');
    for (i = 0; i < d.length; i++) {
      if (d[i].className == 'log') {
        flip(d[i]);
      }
    }
  }
}

// -->
</script>

</head>
<body>
<h2 align='center'>Xeneta_Demo</h2><table border='1' align="center">
<tr>
<td>Tests passed/Failed/Skipped:</td><td>3/1/2</td>
</tr><tr>
<td>Started on:</td><td>Sun Dec 02 16:31:54 IST 2018</td>
</tr>
<tr><td>Total time:</td><td>111 seconds (111527 ms)</td>
</tr><tr>
<td>Included groups:</td><td></td>
</tr><tr>
<td>Excluded groups:</td><td></td>
</tr>
</table><p/>
<small><i>(Hover the method name to see the test class name)</i></small><p/>
<table width='100%' border='1' class='invocation-failed'>
<tr><td colspan='4' align='center'><b>FAILED CONFIGURATIONS</b></td></tr>
<tr><td><b>Test method</b></td>
<td width="30%"><b>Exception</b></td>
<td width="10%"><b>Time (seconds)</b></td>
<td><b>Instance</b></td>
</tr>
<tr>
<td title='demotests.XenetaRequestDemoPage.initDriver()'><b>initDriver</b><br>Test class: demotests.XenetaRequestDemoPage<br>Parameters: https://www.xeneta.com/test-request-xeneta-demo</td>
<td><div><pre>org.openqa.selenium.WebDriverException: Failed to connect to binary FirefoxBinary(C:\Program Files (x86)\Mozilla Firefox\firefox.exe) on port 7055; process output follows: 
ranslators&quot;:null,&quot;contributors&quot;:null,&quot;locales&quot;:[&quot;zh-TW&quot;]},{&quot;name&quot;:&quot;Adobe Acrobat&quot;,&quot;description&quot;:&quot;Konverter den aktuelle webside til en Adobe PDF-fil &quot;,&quot;developers&quot;:null,&quot;translators&quot;:null,&quot;contributors&quot;:null,&quot;locales&quot;:[&quot;da&quot;]},{&quot;name&quot;:&quot;Adobe Acrobat&quot;,&quot;description&quot;:&quot;Geçerli web sayfasını Adobe PDF dosyasına dönüştür &quot;,&quot;developers&quot;:null,&quot;translators&quot;:null,&quot;contributors&quot;:null,&quot;locales&quot;:[&quot;tr&quot;]},{&quot;name&quot;:&quot;Adobe Acrobat&quot;,&quot;description&quot;:&quot;De huidige webpagina converteren naar een Adobe PDF-bestand &quot;,&quot;developers&quot;:null,&quot;translators&quot;:null,&quot;contributors&quot;:null,&quot;locales&quot;:[&quot;nl&quot;]}],&quot;targetApplications&quot;:[{&quot;id&quot;:&quot;toolkit@mozilla.org&quot;,&quot;minVersion&quot;:&quot;50.0&quot;,&quot;maxVersion&quot;:&quot;*&quot;}],&quot;targetPlatforms&quot;:[],&quot;multiprocessCompatible&quot;:true,&quot;signedState&quot;:2,&quot;seen&quot;:true}
1543748581299	DeferredSave.extensions.json	DEBUG	Save changes
1543748581299	addons.xpi	DEBUG	Updating database with changes to installed add-ons
1543748581300	addons.xpi-utils	DEBUG	Updating add-on states
1543748581301	addons.xpi-utils	DEBUG	Writing add-ons list
1543748581307	addons.xpi	DEBUG	Registering manifest for C:\Program Files (x86)\Mozilla Firefox\browser\features\e10srollout@mozilla.org.xpi
1543748581308	addons.xpi	DEBUG	Calling bootstrap method startup on e10srollout@mozilla.org version 1.0
1543748581309	addons.xpi	DEBUG	Registering manifest for C:\Program Files (x86)\Mozilla Firefox\browser\features\firefox@getpocket.com.xpi
1543748581309	addons.xpi	DEBUG	Calling bootstrap method startup on firefox@getpocket.com version 1.0.2
1543748581310	addons.xpi	DEBUG	Registering manifest for C:\Program Files (x86)\Mozilla Firefox\browser\features\loop@mozilla.org.xpi
1543748581311	addons.xpi	DEBUG	Calling bootstrap method startup on loop@mozilla.org version 1.3.2
1543748581331	addons.xpi	DEBUG	Registering manifest for C:\Program Files (x86)\Mozilla Firefox\browser\features\websensehelper@mozilla.org.xpi
1543748581332	addons.xpi	DEBUG	Calling bootstrap method startup on websensehelper@mozilla.org version 1.0
1543748581334	addons.manager	DEBUG	Registering shutdown blocker for XPIProvider
1543748581334	addons.manager	DEBUG	Provider finished startup: XPIProvider
1543748581335	addons.manager	DEBUG	Starting provider: LightweightThemeManager
1543748581335	addons.manager	DEBUG	Registering shutdown blocker for LightweightThemeManager
1543748581335	addons.manager	DEBUG	Provider finished startup: LightweightThemeManager
1543748581335	addons.manager	DEBUG	Starting provider: GMPProvider
1543748581342	addons.manager	DEBUG	Registering shutdown blocker for GMPProvider
1543748581342	addons.manager	DEBUG	Provider finished startup: GMPProvider
1543748581342	addons.manager	DEBUG	Starting provider: PluginProvider
1543748581342	addons.manager	DEBUG	Registering shutdown blocker for PluginProvider
1543748581343	addons.manager	DEBUG	Provider finished startup: PluginProvider
1543748581343	addons.manager	DEBUG	Completed startup sequence
1543748582541	addons.manager	DEBUG	Starting provider: &lt;unnamed-provider&gt;
1543748582542	addons.manager	DEBUG	Registering shutdown blocker for &lt;unnamed-provider&gt;
1543748582542	addons.manager	DEBUG	Provider finished startup: &lt;unnamed-provider&gt;
1543748582546	DeferredSave.extensions.json	DEBUG	Write succeeded
1543748582547	addons.xpi-utils	DEBUG	XPI Database saved, setting schema version preference to 17
1543748582548	DeferredSave.extensions.json	DEBUG	Starting timer
1543748583035	DeferredSave.extensions.json	DEBUG	Starting write
1543748583221	addons.repository	DEBUG	No addons.json found.
1543748583222	DeferredSave.addons.json	DEBUG	Save changes
1543748583224	DeferredSave.addons.json	DEBUG	Starting timer
1543748583331	addons.manager	DEBUG	Starting provider: PreviousExperimentProvider
1543748583331	addons.manager	DEBUG	Registering shutdown blocker for PreviousExperimentProvider
1543748583332	addons.manager	DEBUG	Provider finished startup: PreviousExperimentProvider
1543748583346	DeferredSave.addons.json	DEBUG	Starting write
1543748583355	DeferredSave.extensions.json	DEBUG	Write succeeded
1543748583563	DeferredSave.addons.json	DEBUG	Write succeeded

Build info: version: &apos;2.53.1&apos;, revision: &apos;a36b8b1&apos;, time: &apos;2016-06-30 17:37:03&apos;
System info: host: &apos;rayaan&apos;, ip: &apos;192.168.1.4&apos;, os.name: &apos;Windows 10&apos;, os.arch: &apos;amd64&apos;, os.version: &apos;10.0&apos;, java.version: &apos;11.0.1&apos;
Driver info: driver.version: FirefoxDriver
	at org.openqa.selenium.firefox.internal.NewProfileExtensionConnection.start(NewProfileExtensionConnection.java:124)
	at org.openqa.selenium.firefox.FirefoxDriver.startClient(FirefoxDriver.java:271)
	at org.openqa.selenium.remote.RemoteWebDriver.&lt;init&gt;(RemoteWebDriver.java:119)
	at org.openqa.selenium.firefox.FirefoxDriver.&lt;init&gt;(FirefoxDriver.java:218)
	at org.openqa.selenium.firefox.FirefoxDriver.&lt;init&gt;(FirefoxDriver.java:211)
	at org.openqa.selenium.firefox.FirefoxDriver.&lt;init&gt;(FirefoxDriver.java:207)
	at org.openqa.selenium.firefox.FirefoxDriver.&lt;init&gt;(FirefoxDriver.java:120)
	at demotests.XenetaRequestDemoPage.initDriver(XenetaRequestDemoPage.java:55)
	at java.base/jdk.internal.reflect.NativeMethodAccessorImpl.invoke0(Native Method)
	at java.base/jdk.internal.reflect.NativeMethodAccessorImpl.invoke(NativeMethodAccessorImpl.java:62)
	at java.base/jdk.internal.reflect.DelegatingMethodAccessorImpl.invoke(DelegatingMethodAccessorImpl.java:43)
	at java.base/java.lang.reflect.Method.invoke(Method.java:566)
	at org.testng.internal.MethodInvocationHelper.invokeMethod(MethodInvocationHelper.java:85)
	at org.testng.internal.Invoker.invokeConfigurationMethod(Invoker.java:510)
	at org.testng.internal.Invoker.invokeConfigurations(Invoker.java:211)
	at org.testng.internal.Invoker.invokeMethod(Invoker.java:585)
	at org.testng.internal.Invoker.invokeTestMethod(Invoker.java:816)
	at org.testng.internal.Invoker.invokeTestMethods(Invoker.java:1124)
	at org.testng.internal.TestMethodWorker.invokeTestMethods(TestMethodWorker.java:125)
	at org.testng.internal.TestMethodWorker.run(TestMethodWorker.java:108)
	at org.testng.TestRunner.privateRun(TestRunner.java:774)
	at org.testng.TestRunner.run(TestRunner.java:624)
	at org.testng.SuiteRunner.runTest(SuiteRunner.java:359)
	at org.testng.SuiteRunner.runSequentially(SuiteRunner.java:354)
	at org.testng.SuiteRunner.privateRun(SuiteRunner.java:312)
	at org.testng.SuiteRunner.run(SuiteRunner.java:261)
	at org.testng.SuiteRunnerWorker.runSuite(SuiteRunnerWorker.java:52)
	at org.testng.SuiteRunnerWorker.run(SuiteRunnerWorker.java:86)
	at org.testng.TestNG.runSuitesSequentially(TestNG.java:1215)
	at org.testng.TestNG.runSuitesLocally(TestNG.java:1140)
	at org.testng.TestNG.run(TestNG.java:1048)
	at org.testng.remote.AbstractRemoteTestNG.run(AbstractRemoteTestNG.java:114)
	at org.testng.remote.RemoteTestNG.initAndRun(RemoteTestNG.java:251)
	at org.testng.remote.RemoteTestNG.main(RemoteTestNG.java:77)
Caused by: org.openqa.selenium.firefox.NotConnectedException: Unable to connect to host 127.0.0.1 on port 7055 after 45000 ms. Firefox console output:
ranslators&quot;:null,&quot;contributors&quot;:null,&quot;locales&quot;:[&quot;zh-TW&quot;]},{&quot;name&quot;:&quot;Adobe Acrobat&quot;,&quot;description&quot;:&quot;Konverter den aktuelle webside til en Adobe PDF-fil &quot;,&quot;developers&quot;:null,&quot;translators&quot;:null,&quot;contributors&quot;:null,&quot;locales&quot;:[&quot;da&quot;]},{&quot;name&quot;:&quot;Adobe Acrobat&quot;,&quot;description&quot;:&quot;Geçerli web sayfasını Adobe PDF dosyasına dönüştür &quot;,&quot;developers&quot;:null,&quot;translators&quot;:null,&quot;contributors&quot;:null,&quot;locales&quot;:[&quot;tr&quot;]},{&quot;name&quot;:&quot;Adobe Acrobat&quot;,&quot;description&quot;:&quot;De huidige webpagina converteren naar een Adobe PDF-bestand &quot;,&quot;developers&quot;:null,&quot;translators&quot;:null,&quot;contributors&quot;:null,&quot;locales&quot;:[&quot;nl&quot;]}],&quot;targetApplications&quot;:[{&quot;id&quot;:&quot;toolkit@mozilla.org&quot;,&quot;minVersion&quot;:&quot;50.0&quot;,&quot;maxVersion&quot;:&quot;*&quot;}],&quot;targetPlatforms&quot;:[],&quot;multiprocessCompatible&quot;:true,&quot;signedState&quot;:2,&quot;seen&quot;:true}
1543748581299	DeferredSave.extensions.json	DEBUG	Save changes
1543748581299	addons.xpi	DEBUG	Updating database with changes to installed add-ons
1543748581300	addons.xpi-utils	DEBUG	Updating add-on states
1543748581301	addons.xpi-utils	DEBUG	Writing add-ons list
1543748581307	addons.xpi	DEBUG	Registering manifest for C:\Program Files (x86)\Mozilla Firefox\browser\features\e10srollout@mozilla.org.xpi
1543748581308	addons.xpi	DEBUG	Calling bootstrap method startup on e10srollout@mozilla.org version 1.0
1543748581309	addons.xpi	DEBUG	Registering manifest for C:\Program Files (x86)\Mozilla Firefox\browser\features\firefox@getpocket.com.xpi
1543748581309	addons.xpi	DEBUG	Calling bootstrap method startup on firefox@getpocket.com version 1.0.2
1543748581310	addons.xpi	DEBUG	Registering manifest for C:\Program Files (x86)\Mozilla Firefox\browser\features\loop@mozilla.org.xpi
1543748581311	addons.xpi	DEBUG	Calling bootstrap method startup on loop@mozilla.org version 1.3.2
1543748581331	addons.xpi	DEBUG	Registering manifest for C:\Program Files (x86)\Mozilla Firefox\browser\features\websensehelper@mozilla.org.xpi
1543748581332	addons.xpi	DEBUG	Calling bootstrap method startup on websensehelper@mozilla.org version 1.0
1543748581334	addons.manager	DEBUG	Registering shutdown blocker for XPIProvider
1543748581334	addons.manager	DEBUG	Provider finished startup: XPIProvider
1543748581335	addons.manager	DEBUG	Starting provider: LightweightThemeManager
1543748581335	addons.manager	DEBUG	Registering shutdown blocker for LightweightThemeManager
1543748581335	addons.manager	DEBUG	Provider finished startup: LightweightThemeManager
1543748581335	addons.manager	DEBUG	Starting provider: GMPProvider
1543748581342	addons.manager	DEBUG	Registering shutdown blocker for GMPProvider
1543748581342	addons.manager	DEBUG	Provider finished startup: GMPProvider
1543748581342	addons.manager	DEBUG	Starting provider: PluginProvider
1543748581342	addons.manager	DEBUG	Registering shutdown blocker for PluginProvider
1543748581343	addons.manager	DEBUG	Provider finished startup: PluginProvider
1543748581343	addons.manager	DEBUG	Completed startup sequence
1543748582541	addons.manager	DEBUG	Starting provider: &lt;unnamed-provider&gt;
1543748582542	addons.manager	DEBUG	Registering shutdown blocker for &lt;unnamed-provider&gt;
1543748582542	addons.manager	DEBUG	Provider finished startup: &lt;unnamed-provider&gt;
1543748582546	DeferredSave.extensions.json	DEBUG	Write succeeded
1543748582547	addons.xpi-utils	DEBUG	XPI Database saved, setting schema version preference to 17
1543748582548	DeferredSave.extensions.json	DEBUG	Starting timer
1543748583035	DeferredSave.extensions.json	DEBUG	Starting write
1543748583221	addons.repository	DEBUG	No addons.json found.
1543748583222	DeferredSave.addons.json	DEBUG	Save changes
1543748583224	DeferredSave.addons.json	DEBUG	Starting timer
1543748583331	addons.manager	DEBUG	Starting provider: PreviousExperimentProvider
1543748583331	addons.manager	DEBUG	Registering shutdown blocker for PreviousExperimentProvider
1543748583332	addons.manager	DEBUG	Provider finished startup: PreviousExperimentProvider
1543748583346	DeferredSave.addons.json	DEBUG	Starting write
1543748583355	DeferredSave.extensions.json	DEBUG	Write succeeded
1543748583563	DeferredSave.addons.json	DEBUG	Write succeeded

	at org.openqa.selenium.firefox.internal.NewProfileExtensionConnection.start(NewProfileExtensionConnection.java:112)
	... 33 more
</pre></div><a href='#' onClick='toggleBox("stack-trace1807911555", this, "Click to show all stack frames", "Click to hide stack frames")'>Click to show all stack frames</a>
<div class='stack-trace' id='stack-trace1807911555'><pre>org.openqa.selenium.WebDriverException: Failed to connect to binary FirefoxBinary(C:\Program Files (x86)\Mozilla Firefox\firefox.exe) on port 7055; process output follows: 
ranslators&quot;:null,&quot;contributors&quot;:null,&quot;locales&quot;:[&quot;zh-TW&quot;]},{&quot;name&quot;:&quot;Adobe Acrobat&quot;,&quot;description&quot;:&quot;Konverter den aktuelle webside til en Adobe PDF-fil &quot;,&quot;developers&quot;:null,&quot;translators&quot;:null,&quot;contributors&quot;:null,&quot;locales&quot;:[&quot;da&quot;]},{&quot;name&quot;:&quot;Adobe Acrobat&quot;,&quot;description&quot;:&quot;Geçerli web sayfasını Adobe PDF dosyasına dönüştür &quot;,&quot;developers&quot;:null,&quot;translators&quot;:null,&quot;contributors&quot;:null,&quot;locales&quot;:[&quot;tr&quot;]},{&quot;name&quot;:&quot;Adobe Acrobat&quot;,&quot;description&quot;:&quot;De huidige webpagina converteren naar een Adobe PDF-bestand &quot;,&quot;developers&quot;:null,&quot;translators&quot;:null,&quot;contributors&quot;:null,&quot;locales&quot;:[&quot;nl&quot;]}],&quot;targetApplications&quot;:[{&quot;id&quot;:&quot;toolkit@mozilla.org&quot;,&quot;minVersion&quot;:&quot;50.0&quot;,&quot;maxVersion&quot;:&quot;*&quot;}],&quot;targetPlatforms&quot;:[],&quot;multiprocessCompatible&quot;:true,&quot;signedState&quot;:2,&quot;seen&quot;:true}
1543748581299	DeferredSave.extensions.json	DEBUG	Save changes
1543748581299	addons.xpi	DEBUG	Updating database with changes to installed add-ons
1543748581300	addons.xpi-utils	DEBUG	Updating add-on states
1543748581301	addons.xpi-utils	DEBUG	Writing add-ons list
1543748581307	addons.xpi	DEBUG	Registering manifest for C:\Program Files (x86)\Mozilla Firefox\browser\features\e10srollout@mozilla.org.xpi
1543748581308	addons.xpi	DEBUG	Calling bootstrap method startup on e10srollout@mozilla.org version 1.0
1543748581309	addons.xpi	DEBUG	Registering manifest for C:\Program Files (x86)\Mozilla Firefox\browser\features\firefox@getpocket.com.xpi
1543748581309	addons.xpi	DEBUG	Calling bootstrap method startup on firefox@getpocket.com version 1.0.2
1543748581310	addons.xpi	DEBUG	Registering manifest for C:\Program Files (x86)\Mozilla Firefox\browser\features\loop@mozilla.org.xpi
1543748581311	addons.xpi	DEBUG	Calling bootstrap method startup on loop@mozilla.org version 1.3.2
1543748581331	addons.xpi	DEBUG	Registering manifest for C:\Program Files (x86)\Mozilla Firefox\browser\features\websensehelper@mozilla.org.xpi
1543748581332	addons.xpi	DEBUG	Calling bootstrap method startup on websensehelper@mozilla.org version 1.0
1543748581334	addons.manager	DEBUG	Registering shutdown blocker for XPIProvider
1543748581334	addons.manager	DEBUG	Provider finished startup: XPIProvider
1543748581335	addons.manager	DEBUG	Starting provider: LightweightThemeManager
1543748581335	addons.manager	DEBUG	Registering shutdown blocker for LightweightThemeManager
1543748581335	addons.manager	DEBUG	Provider finished startup: LightweightThemeManager
1543748581335	addons.manager	DEBUG	Starting provider: GMPProvider
1543748581342	addons.manager	DEBUG	Registering shutdown blocker for GMPProvider
1543748581342	addons.manager	DEBUG	Provider finished startup: GMPProvider
1543748581342	addons.manager	DEBUG	Starting provider: PluginProvider
1543748581342	addons.manager	DEBUG	Registering shutdown blocker for PluginProvider
1543748581343	addons.manager	DEBUG	Provider finished startup: PluginProvider
1543748581343	addons.manager	DEBUG	Completed startup sequence
1543748582541	addons.manager	DEBUG	Starting provider: &lt;unnamed-provider&gt;
1543748582542	addons.manager	DEBUG	Registering shutdown blocker for &lt;unnamed-provider&gt;
1543748582542	addons.manager	DEBUG	Provider finished startup: &lt;unnamed-provider&gt;
1543748582546	DeferredSave.extensions.json	DEBUG	Write succeeded
1543748582547	addons.xpi-utils	DEBUG	XPI Database saved, setting schema version preference to 17
1543748582548	DeferredSave.extensions.json	DEBUG	Starting timer
1543748583035	DeferredSave.extensions.json	DEBUG	Starting write
1543748583221	addons.repository	DEBUG	No addons.json found.
1543748583222	DeferredSave.addons.json	DEBUG	Save changes
1543748583224	DeferredSave.addons.json	DEBUG	Starting timer
1543748583331	addons.manager	DEBUG	Starting provider: PreviousExperimentProvider
1543748583331	addons.manager	DEBUG	Registering shutdown blocker for PreviousExperimentProvider
1543748583332	addons.manager	DEBUG	Provider finished startup: PreviousExperimentProvider
1543748583346	DeferredSave.addons.json	DEBUG	Starting write
1543748583355	DeferredSave.extensions.json	DEBUG	Write succeeded
1543748583563	DeferredSave.addons.json	DEBUG	Write succeeded

Build info: version: &apos;2.53.1&apos;, revision: &apos;a36b8b1&apos;, time: &apos;2016-06-30 17:37:03&apos;
System info: host: &apos;rayaan&apos;, ip: &apos;192.168.1.4&apos;, os.name: &apos;Windows 10&apos;, os.arch: &apos;amd64&apos;, os.version: &apos;10.0&apos;, java.version: &apos;11.0.1&apos;
Driver info: driver.version: FirefoxDriver
	at org.openqa.selenium.firefox.internal.NewProfileExtensionConnection.start(NewProfileExtensionConnection.java:124)
	at org.openqa.selenium.firefox.FirefoxDriver.startClient(FirefoxDriver.java:271)
	at org.openqa.selenium.remote.RemoteWebDriver.&lt;init&gt;(RemoteWebDriver.java:119)
	at org.openqa.selenium.firefox.FirefoxDriver.&lt;init&gt;(FirefoxDriver.java:218)
	at org.openqa.selenium.firefox.FirefoxDriver.&lt;init&gt;(FirefoxDriver.java:211)
	at org.openqa.selenium.firefox.FirefoxDriver.&lt;init&gt;(FirefoxDriver.java:207)
	at org.openqa.selenium.firefox.FirefoxDriver.&lt;init&gt;(FirefoxDriver.java:120)
	at demotests.XenetaRequestDemoPage.initDriver(XenetaRequestDemoPage.java:55)
	at java.base/jdk.internal.reflect.NativeMethodAccessorImpl.invoke0(Native Method)
	at java.base/jdk.internal.reflect.NativeMethodAccessorImpl.invoke(NativeMethodAccessorImpl.java:62)
	at java.base/jdk.internal.reflect.DelegatingMethodAccessorImpl.invoke(DelegatingMethodAccessorImpl.java:43)
	at java.base/java.lang.reflect.Method.invoke(Method.java:566)
	at org.testng.internal.MethodInvocationHelper.invokeMethod(MethodInvocationHelper.java:85)
	at org.testng.internal.Invoker.invokeConfigurationMethod(Invoker.java:510)
	at org.testng.internal.Invoker.invokeConfigurations(Invoker.java:211)
	at org.testng.internal.Invoker.invokeMethod(Invoker.java:585)
	at org.testng.internal.Invoker.invokeTestMethod(Invoker.java:816)
	at org.testng.internal.Invoker.invokeTestMethods(Invoker.java:1124)
	at org.testng.internal.TestMethodWorker.invokeTestMethods(TestMethodWorker.java:125)
	at org.testng.internal.TestMethodWorker.run(TestMethodWorker.java:108)
	at org.testng.TestRunner.privateRun(TestRunner.java:774)
	at org.testng.TestRunner.run(TestRunner.java:624)
	at org.testng.SuiteRunner.runTest(SuiteRunner.java:359)
	at org.testng.SuiteRunner.runSequentially(SuiteRunner.java:354)
	at org.testng.SuiteRunner.privateRun(SuiteRunner.java:312)
	at org.testng.SuiteRunner.run(SuiteRunner.java:261)
	at org.testng.SuiteRunnerWorker.runSuite(SuiteRunnerWorker.java:52)
	at org.testng.SuiteRunnerWorker.run(SuiteRunnerWorker.java:86)
	at org.testng.TestNG.runSuitesSequentially(TestNG.java:1215)
	at org.testng.TestNG.runSuitesLocally(TestNG.java:1140)
	at org.testng.TestNG.run(TestNG.java:1048)
	at org.testng.remote.AbstractRemoteTestNG.run(AbstractRemoteTestNG.java:114)
	at org.testng.remote.RemoteTestNG.initAndRun(RemoteTestNG.java:251)
	at org.testng.remote.RemoteTestNG.main(RemoteTestNG.java:77)
Caused by: org.openqa.selenium.firefox.NotConnectedException: Unable to connect to host 127.0.0.1 on port 7055 after 45000 ms. Firefox console output:
ranslators&quot;:null,&quot;contributors&quot;:null,&quot;locales&quot;:[&quot;zh-TW&quot;]},{&quot;name&quot;:&quot;Adobe Acrobat&quot;,&quot;description&quot;:&quot;Konverter den aktuelle webside til en Adobe PDF-fil &quot;,&quot;developers&quot;:null,&quot;translators&quot;:null,&quot;contributors&quot;:null,&quot;locales&quot;:[&quot;da&quot;]},{&quot;name&quot;:&quot;Adobe Acrobat&quot;,&quot;description&quot;:&quot;Geçerli web sayfasını Adobe PDF dosyasına dönüştür &quot;,&quot;developers&quot;:null,&quot;translators&quot;:null,&quot;contributors&quot;:null,&quot;locales&quot;:[&quot;tr&quot;]},{&quot;name&quot;:&quot;Adobe Acrobat&quot;,&quot;description&quot;:&quot;De huidige webpagina converteren naar een Adobe PDF-bestand &quot;,&quot;developers&quot;:null,&quot;translators&quot;:null,&quot;contributors&quot;:null,&quot;locales&quot;:[&quot;nl&quot;]}],&quot;targetApplications&quot;:[{&quot;id&quot;:&quot;toolkit@mozilla.org&quot;,&quot;minVersion&quot;:&quot;50.0&quot;,&quot;maxVersion&quot;:&quot;*&quot;}],&quot;targetPlatforms&quot;:[],&quot;multiprocessCompatible&quot;:true,&quot;signedState&quot;:2,&quot;seen&quot;:true}
1543748581299	DeferredSave.extensions.json	DEBUG	Save changes
1543748581299	addons.xpi	DEBUG	Updating database with changes to installed add-ons
1543748581300	addons.xpi-utils	DEBUG	Updating add-on states
1543748581301	addons.xpi-utils	DEBUG	Writing add-ons list
1543748581307	addons.xpi	DEBUG	Registering manifest for C:\Program Files (x86)\Mozilla Firefox\browser\features\e10srollout@mozilla.org.xpi
1543748581308	addons.xpi	DEBUG	Calling bootstrap method startup on e10srollout@mozilla.org version 1.0
1543748581309	addons.xpi	DEBUG	Registering manifest for C:\Program Files (x86)\Mozilla Firefox\browser\features\firefox@getpocket.com.xpi
1543748581309	addons.xpi	DEBUG	Calling bootstrap method startup on firefox@getpocket.com version 1.0.2
1543748581310	addons.xpi	DEBUG	Registering manifest for C:\Program Files (x86)\Mozilla Firefox\browser\features\loop@mozilla.org.xpi
1543748581311	addons.xpi	DEBUG	Calling bootstrap method startup on loop@mozilla.org version 1.3.2
1543748581331	addons.xpi	DEBUG	Registering manifest for C:\Program Files (x86)\Mozilla Firefox\browser\features\websensehelper@mozilla.org.xpi
1543748581332	addons.xpi	DEBUG	Calling bootstrap method startup on websensehelper@mozilla.org version 1.0
1543748581334	addons.manager	DEBUG	Registering shutdown blocker for XPIProvider
1543748581334	addons.manager	DEBUG	Provider finished startup: XPIProvider
1543748581335	addons.manager	DEBUG	Starting provider: LightweightThemeManager
1543748581335	addons.manager	DEBUG	Registering shutdown blocker for LightweightThemeManager
1543748581335	addons.manager	DEBUG	Provider finished startup: LightweightThemeManager
1543748581335	addons.manager	DEBUG	Starting provider: GMPProvider
1543748581342	addons.manager	DEBUG	Registering shutdown blocker for GMPProvider
1543748581342	addons.manager	DEBUG	Provider finished startup: GMPProvider
1543748581342	addons.manager	DEBUG	Starting provider: PluginProvider
1543748581342	addons.manager	DEBUG	Registering shutdown blocker for PluginProvider
1543748581343	addons.manager	DEBUG	Provider finished startup: PluginProvider
1543748581343	addons.manager	DEBUG	Completed startup sequence
1543748582541	addons.manager	DEBUG	Starting provider: &lt;unnamed-provider&gt;
1543748582542	addons.manager	DEBUG	Registering shutdown blocker for &lt;unnamed-provider&gt;
1543748582542	addons.manager	DEBUG	Provider finished startup: &lt;unnamed-provider&gt;
1543748582546	DeferredSave.extensions.json	DEBUG	Write succeeded
1543748582547	addons.xpi-utils	DEBUG	XPI Database saved, setting schema version preference to 17
1543748582548	DeferredSave.extensions.json	DEBUG	Starting timer
1543748583035	DeferredSave.extensions.json	DEBUG	Starting write
1543748583221	addons.repository	DEBUG	No addons.json found.
1543748583222	DeferredSave.addons.json	DEBUG	Save changes
1543748583224	DeferredSave.addons.json	DEBUG	Starting timer
1543748583331	addons.manager	DEBUG	Starting provider: PreviousExperimentProvider
1543748583331	addons.manager	DEBUG	Registering shutdown blocker for PreviousExperimentProvider
1543748583332	addons.manager	DEBUG	Provider finished startup: PreviousExperimentProvider
1543748583346	DeferredSave.addons.json	DEBUG	Starting write
1543748583355	DeferredSave.extensions.json	DEBUG	Write succeeded
1543748583563	DeferredSave.addons.json	DEBUG	Write succeeded

	at org.openqa.selenium.firefox.internal.NewProfileExtensionConnection.start(NewProfileExtensionConnection.java:112)
	... 33 more
</pre></div></td>
<td>0</td>
<td>demotests.XenetaRequestDemoPage@662ac478</td></tr>
</table><p>
<table width='100%' border='1' class='invocation-skipped'>
<tr><td colspan='4' align='center'><b>SKIPPED CONFIGURATIONS</b></td></tr>
<tr><td><b>Test method</b></td>
<td width="30%"><b>Exception</b></td>
<td width="10%"><b>Time (seconds)</b></td>
<td><b>Instance</b></td>
</tr>
<tr>
<td title='demotests.XenetaRequestDemoPage.initDriver()'><b>initDriver</b><br>Test class: demotests.XenetaRequestDemoPage</td>
<td></td>
<td>0</td>
<td>demotests.XenetaRequestDemoPage@662ac478</td></tr>
<tr>
<td title='demotests.XenetaRequestDemoPage.cleanup()'><b>cleanup</b><br>Test class: demotests.XenetaRequestDemoPage</td>
<td></td>
<td>0</td>
<td>demotests.XenetaRequestDemoPage@662ac478</td></tr>
<tr>
<td title='demotests.XenetaRequestDemoPage.cleanup()'><b>cleanup</b><br>Test class: demotests.XenetaRequestDemoPage</td>
<td></td>
<td>0</td>
<td>demotests.XenetaRequestDemoPage@662ac478</td></tr>
</table><p>
<table width='100%' border='1' class='invocation-failed'>
<tr><td colspan='4' align='center'><b>FAILED TESTS</b></td></tr>
<tr><td><b>Test method</b></td>
<td width="30%"><b>Exception</b></td>
<td width="10%"><b>Time (seconds)</b></td>
<td><b>Instance</b></td>
</tr>
<tr>
<td title='demotests.XenetaRequestDemoPage.testPhoneField()'><b>testPhoneField</b><br>Test class: demotests.XenetaRequestDemoPage<br/>
<a href="#Output-467632528" onClick='toggleBox("Output-467632528", this, "Show output", "Hide output");'>Show output</a>

<a href="#Output-467632528" onClick="toggleAllBoxes();">Show all outputs</a>
<div class='log' id="Output-467632528">
Element/Error not found in page: Unable to locate element: {"method":"xpath","selector":"//u1[@role=\"alert\"]"}
Command duration or timeout: 49 milliseconds
For documentation on this error, please visit: http://seleniumhq.org/exceptions/no_such_element.html
Build info: version: '2.53.1', revision: 'a36b8b1', time: '2016-06-30 17:37:03'
System info: host: 'rayaan', ip: '192.168.1.4', os.name: 'Windows 10', os.arch: 'amd64', os.version: '10.0', java.version: '11.0.1'
Driver info: org.openqa.selenium.firefox.FirefoxDriver
Capabilities [{applicationCacheEnabled=true, rotatable=false, handlesAlerts=true, databaseEnabled=true, version=47.0.2, platform=WINDOWS, nativeEvents=false, acceptSslCerts=true, webStorageEnabled=true, locationContextEnabled=true, browserName=firefox, takesScreenshot=true, javascriptEnabled=true, cssSelectorsEnabled=true}]
Session ID: c2bfe5df-8f47-48bf-883d-c18df5386bac
*** Element info: {Using=xpath, value=//u1[@role="alert"]}<br/>
</div>
</td>
<td><div><pre>java.lang.AssertionError: Element/Error not found in page: Unable to locate element: {&quot;method&quot;:&quot;xpath&quot;,&quot;selector&quot;:&quot;//u1[@role=\&quot;alert\&quot;]&quot;}
Command duration or timeout: 49 milliseconds
For documentation on this error, please visit: http://seleniumhq.org/exceptions/no_such_element.html
Build info: version: &apos;2.53.1&apos;, revision: &apos;a36b8b1&apos;, time: &apos;2016-06-30 17:37:03&apos;
System info: host: &apos;rayaan&apos;, ip: &apos;192.168.1.4&apos;, os.name: &apos;Windows 10&apos;, os.arch: &apos;amd64&apos;, os.version: &apos;10.0&apos;, java.version: &apos;11.0.1&apos;
Driver info: org.openqa.selenium.firefox.FirefoxDriver
Capabilities [{applicationCacheEnabled=true, rotatable=false, handlesAlerts=true, databaseEnabled=true, version=47.0.2, platform=WINDOWS, nativeEvents=false, acceptSslCerts=true, webStorageEnabled=true, locationContextEnabled=true, browserName=firefox, takesScreenshot=true, javascriptEnabled=true, cssSelectorsEnabled=true}]
Session ID: c2bfe5df-8f47-48bf-883d-c18df5386bac
*** Element info: {Using=xpath, value=//u1[@role=&quot;alert&quot;]}
	at org.junit.Assert.fail(Assert.java:88)
	at org.junit.Assert.assertTrue(Assert.java:41)
	at demotests.XenetaRequestDemoPage.testPhoneField(XenetaRequestDemoPage.java:325)
	at java.base/jdk.internal.reflect.NativeMethodAccessorImpl.invoke0(Native Method)
	at java.base/jdk.internal.reflect.NativeMethodAccessorImpl.invoke(NativeMethodAccessorImpl.java:62)
	at java.base/jdk.internal.reflect.DelegatingMethodAccessorImpl.invoke(DelegatingMethodAccessorImpl.java:43)
	at java.base/java.lang.reflect.Method.invoke(Method.java:566)
	at org.testng.internal.MethodInvocationHelper.invokeMethod(MethodInvocationHelper.java:85)
	at org.testng.internal.Invoker.invokeMethod(Invoker.java:639)
	at org.testng.internal.Invoker.invokeTestMethod(Invoker.java:816)
	at org.testng.internal.Invoker.invokeTestMethods(Invoker.java:1124)
	at org.testng.internal.TestMethodWorker.invokeTestMethods(TestMethodWorker.java:125)
	at org.testng.internal.TestMethodWorker.run(TestMethodWorker.java:108)
	at org.testng.TestRunner.privateRun(TestRunner.java:774)
	at org.testng.TestRunner.run(TestRunner.java:624)
	at org.testng.SuiteRunner.runTest(SuiteRunner.java:359)
	at org.testng.SuiteRunner.runSequentially(SuiteRunner.java:354)
	at org.testng.SuiteRunner.privateRun(SuiteRunner.java:312)
	at org.testng.SuiteRunner.run(SuiteRunner.java:261)
	at org.testng.SuiteRunnerWorker.runSuite(SuiteRunnerWorker.java:52)
	at org.testng.SuiteRunnerWorker.run(SuiteRunnerWorker.java:86)
	at org.testng.TestNG.runSuitesSequentially(TestNG.java:1215)
	at org.testng.TestNG.runSuitesLocally(TestNG.java:1140)
	at org.testng.TestNG.run(TestNG.java:1048)
	at org.testng.remote.AbstractRemoteTestNG.run(AbstractRemoteTestNG.java:114)
	at org.testng.remote.RemoteTestNG.initAndRun(RemoteTestNG.java:251)
	at org.testng.remote.RemoteTestNG.main(RemoteTestNG.java:77)
</pre></div><a href='#' onClick='toggleBox("stack-trace467632528", this, "Click to show all stack frames", "Click to hide stack frames")'>Click to show all stack frames</a>
<div class='stack-trace' id='stack-trace467632528'><pre>java.lang.AssertionError: Element/Error not found in page: Unable to locate element: {&quot;method&quot;:&quot;xpath&quot;,&quot;selector&quot;:&quot;//u1[@role=\&quot;alert\&quot;]&quot;}
Command duration or timeout: 49 milliseconds
For documentation on this error, please visit: http://seleniumhq.org/exceptions/no_such_element.html
Build info: version: &apos;2.53.1&apos;, revision: &apos;a36b8b1&apos;, time: &apos;2016-06-30 17:37:03&apos;
System info: host: &apos;rayaan&apos;, ip: &apos;192.168.1.4&apos;, os.name: &apos;Windows 10&apos;, os.arch: &apos;amd64&apos;, os.version: &apos;10.0&apos;, java.version: &apos;11.0.1&apos;
Driver info: org.openqa.selenium.firefox.FirefoxDriver
Capabilities [{applicationCacheEnabled=true, rotatable=false, handlesAlerts=true, databaseEnabled=true, version=47.0.2, platform=WINDOWS, nativeEvents=false, acceptSslCerts=true, webStorageEnabled=true, locationContextEnabled=true, browserName=firefox, takesScreenshot=true, javascriptEnabled=true, cssSelectorsEnabled=true}]
Session ID: c2bfe5df-8f47-48bf-883d-c18df5386bac
*** Element info: {Using=xpath, value=//u1[@role=&quot;alert&quot;]}
	at org.junit.Assert.fail(Assert.java:88)
	at org.junit.Assert.assertTrue(Assert.java:41)
	at demotests.XenetaRequestDemoPage.testPhoneField(XenetaRequestDemoPage.java:325)
	at java.base/jdk.internal.reflect.NativeMethodAccessorImpl.invoke0(Native Method)
	at java.base/jdk.internal.reflect.NativeMethodAccessorImpl.invoke(NativeMethodAccessorImpl.java:62)
	at java.base/jdk.internal.reflect.DelegatingMethodAccessorImpl.invoke(DelegatingMethodAccessorImpl.java:43)
	at java.base/java.lang.reflect.Method.invoke(Method.java:566)
	at org.testng.internal.MethodInvocationHelper.invokeMethod(MethodInvocationHelper.java:85)
	at org.testng.internal.Invoker.invokeMethod(Invoker.java:639)
	at org.testng.internal.Invoker.invokeTestMethod(Invoker.java:816)
	at org.testng.internal.Invoker.invokeTestMethods(Invoker.java:1124)
	at org.testng.internal.TestMethodWorker.invokeTestMethods(TestMethodWorker.java:125)
	at org.testng.internal.TestMethodWorker.run(TestMethodWorker.java:108)
	at org.testng.TestRunner.privateRun(TestRunner.java:774)
	at org.testng.TestRunner.run(TestRunner.java:624)
	at org.testng.SuiteRunner.runTest(SuiteRunner.java:359)
	at org.testng.SuiteRunner.runSequentially(SuiteRunner.java:354)
	at org.testng.SuiteRunner.privateRun(SuiteRunner.java:312)
	at org.testng.SuiteRunner.run(SuiteRunner.java:261)
	at org.testng.SuiteRunnerWorker.runSuite(SuiteRunnerWorker.java:52)
	at org.testng.SuiteRunnerWorker.run(SuiteRunnerWorker.java:86)
	at org.testng.TestNG.runSuitesSequentially(TestNG.java:1215)
	at org.testng.TestNG.runSuitesLocally(TestNG.java:1140)
	at org.testng.TestNG.run(TestNG.java:1048)
	at org.testng.remote.AbstractRemoteTestNG.run(AbstractRemoteTestNG.java:114)
	at org.testng.remote.RemoteTestNG.initAndRun(RemoteTestNG.java:251)
	at org.testng.remote.RemoteTestNG.main(RemoteTestNG.java:77)
</pre></div></td>
<td>1</td>
<td>demotests.XenetaRequestDemoPage@662ac478</td></tr>
</table><p>
<table width='100%' border='1' class='invocation-passed'>
<tr><td colspan='4' align='center'><b>PASSED TESTS</b></td></tr>
<tr><td><b>Test method</b></td>
<td width="30%"><b>Exception</b></td>
<td width="10%"><b>Time (seconds)</b></td>
<td><b>Instance</b></td>
</tr>
<tr>
<td title='demotests.XenetaRequestDemoPage.testEmailField()'><b>testEmailField</b><br>Test class: demotests.XenetaRequestDemoPage</td>
<td></td>
<td>1</td>
<td>demotests.XenetaRequestDemoPage@662ac478</td></tr>
<tr>
<td title='demotests.XenetaRequestDemoPage.testFillForm()'><b>testFillForm</b><br>Test class: demotests.XenetaRequestDemoPage<br>Parameters: John</td>
<td></td>
<td>1</td>
<td>demotests.XenetaRequestDemoPage@662ac478</td></tr>
<tr>
<td title='demotests.XenetaRequestDemoPage.testTakeScreenshot()'><b>testTakeScreenshot</b><br>Test class: demotests.XenetaRequestDemoPage<br>Parameters: C:/selenium/</td>
<td></td>
<td>1</td>
<td>demotests.XenetaRequestDemoPage@662ac478</td></tr>
</table><p>
<table width='100%' border='1' class='invocation-skipped'>
<tr><td colspan='4' align='center'><b>SKIPPED TESTS</b></td></tr>
<tr><td><b>Test method</b></td>
<td width="30%"><b>Exception</b></td>
<td width="10%"><b>Time (seconds)</b></td>
<td><b>Instance</b></td>
</tr>
<tr>
<td title='demotests.XenetaRequestDemoPage.testPlayVideo()'><b>testPlayVideo</b><br>Test class: demotests.XenetaRequestDemoPage</td>
<td></td>
<td>0</td>
<td>demotests.XenetaRequestDemoPage@662ac478</td></tr>
<tr>
<td title='demotests.XenetaRequestDemoPage.testRequestDemo()'><b>testRequestDemo</b><br>Test class: demotests.XenetaRequestDemoPage<br>Parameters: John, Mark, Xeneta, QA, John@yahoo.co.in, 00918674830275</td>
<td></td>
<td>0</td>
<td>demotests.XenetaRequestDemoPage@662ac478</td></tr>
</table><p>
</body>
</html>